# JRE version: Java(TM) SE Runtime Environment (8.0_201-b09) (build 1.8.0_201-b09)
# Java VM: Java HotSpot(TM) 64-Bit Server VM (25.201-b09 mixed mode windows-amd64 compressed oops)
Heap:
 PSYoungGen      total 4096K, used 2334K [0x00000000d5980000, 0x00000000d6180000, 0x0000000100000000)
  eden space 3072K, 43% used [0x00000000d5980000,0x00000000d5acdf30,0x00000000d5c80000)
  from space 1024K, 97% used [0x00000000d6080000,0x00000000d6179aa8,0x00000000d6180000)
  to   space 512K, 0% used [0x00000000d5c80000,0x00000000d5c80000,0x00000000d5d00000)
 ParOldGen       total 5632K, used 1326K [0x0000000080c00000, 0x0000000081180000, 0x00000000d5980000)
  object space 5632K, 23% used [0x0000000080c00000,0x0000000080d4bb38,0x0000000081180000)
 Metaspace       used 7282K, capacity 8244K, committed 8448K, reserved 1056768K
  class space    used 884K, capacity 944K, committed 1024K, reserved 1048576K
GC Heap History (10 events):
Event: 0.308 GC heap before
{Heap before GC invocations=2 (full 0):
 PSYoungGen      total 2048K, used 2016K [0x00000000d5980000, 0x00000000d5c00000, 0x0000000100000000)
  eden space 1536K, 100% used [0x00000000d5980000,0x00000000d5b00000,0x00000000d5b00000)
  from space 512K, 93% used [0x00000000d5b00000,0x00000000d5b78020,0x00000000d5b80000)
  to   space 512K, 0% used [0x00000000d5b80000,0x00000000d5b80000,0x00000000d5c00000)
 ParOldGen       total 5632K, used 40K [0x0000000080c00000, 0x0000000081180000, 0x00000000d5980000)
  object space 5632K, 0% used [0x0000000080c00000,0x0000000080c0a000,0x0000000081180000)
 Metaspace       used 3913K, capacity 5324K, committed 5504K, reserved 1056768K
  class space    used 458K, capacity 520K, committed 640K, reserved 1048576K
Event: 0.310 GC heap after
Heap after GC invocations=2 (full 0):
 PSYoungGen      total 2048K, used 496K [0x00000000d5980000, 0x00000000d5d80000, 0x0000000100000000)
  eden space 1536K, 0% used [0x00000000d5980000,0x00000000d5980000,0x00000000d5b00000)
  from space 512K, 96% used [0x00000000d5b80000,0x00000000d5bfc030,0x00000000d5c00000)
  to   space 512K, 0% used [0x00000000d5b00000,0x00000000d5b00000,0x00000000d5b80000)
 ParOldGen       total 5632K, used 144K [0x0000000080c00000, 0x0000000081180000, 0x00000000d5980000)
  object space 5632K, 2% used [0x0000000080c00000,0x0000000080c24000,0x0000000081180000)
 Metaspace       used 3913K, capacity 5324K, committed 5504K, reserved 1056768K
  class space    used 458K, capacity 520K, committed 640K, reserved 1048576K
}
Event: 0.348 GC heap before
{Heap before GC invocations=3 (full 0):
 PSYoungGen      total 2048K, used 2032K [0x00000000d5980000, 0x00000000d5d80000, 0x0000000100000000)
  eden space 1536K, 100% used [0x00000000d5980000,0x00000000d5b00000,0x00000000d5b00000)
  from space 512K, 96% used [0x00000000d5b80000,0x00000000d5bfc030,0x00000000d5c00000)
  to   space 512K, 0% used [0x00000000d5b00000,0x00000000d5b00000,0x00000000d5b80000)
 ParOldGen       total 5632K, used 144K [0x0000000080c00000, 0x0000000081180000, 0x00000000d5980000)
  object space 5632K, 2% used [0x0000000080c00000,0x0000000080c24000,0x0000000081180000)
 Metaspace       used 4427K, capacity 5772K, committed 6016K, reserved 1056768K
  class space    used 534K, capacity 584K, committed 640K, reserved 1048576K
Event: 0.349 GC heap after
Heap after GC invocations=3 (full 0):
 PSYoungGen      total 2048K, used 480K [0x00000000d5980000, 0x00000000d5d80000, 0x0000000100000000)
  eden space 1536K, 0% used [0x00000000d5980000,0x00000000d5980000,0x00000000d5b00000)
  from space 512K, 93% used [0x00000000d5b00000,0x00000000d5b78020,0x00000000d5b80000)
  to   space 512K, 0% used [0x00000000d5d00000,0x00000000d5d00000,0x00000000d5d80000)
 ParOldGen       total 5632K, used 620K [0x0000000080c00000, 0x0000000081180000, 0x00000000d5980000)
  object space 5632K, 11% used [0x0000000080c00000,0x0000000080c9b030,0x0000000081180000)
 Metaspace       used 4427K, capacity 5772K, committed 6016K, reserved 1056768K
  class space    used 534K, capacity 584K, committed 640K, reserved 1048576K
}
Event: 0.392 GC heap before
{Heap before GC invocations=4 (full 0):
 PSYoungGen      total 2048K, used 2016K [0x00000000d5980000, 0x00000000d5d80000, 0x0000000100000000)
  eden space 1536K, 100% used [0x00000000d5980000,0x00000000d5b00000,0x00000000d5b00000)
  from space 512K, 93% used [0x00000000d5b00000,0x00000000d5b78020,0x00000000d5b80000)
  to   space 512K, 0% used [0x00000000d5d00000,0x00000000d5d00000,0x00000000d5d80000)
 ParOldGen       total 5632K, used 620K [0x0000000080c00000, 0x0000000081180000, 0x00000000d5980000)
  object space 5632K, 11% used [0x0000000080c00000,0x0000000080c9b030,0x0000000081180000)
 Metaspace       used 4950K, capacity 6220K, committed 6400K, reserved 1056768K
  class space    used 605K, capacity 648K, committed 768K, reserved 1048576K
Event: 0.392 GC heap after
Heap after GC invocations=4 (full 0):
 PSYoungGen      total 3584K, used 496K [0x00000000d5980000, 0x00000000d5d80000, 0x0000000100000000)
  eden space 3072K, 0% used [0x00000000d5980000,0x00000000d5980000,0x00000000d5c80000)
  from space 512K, 96% used [0x00000000d5d00000,0x00000000d5d7c030,0x00000000d5d80000)
  to   space 512K, 0% used [0x00000000d5c80000,0x00000000d5c80000,0x00000000d5d00000)
 ParOldGen       total 5632K, used 712K [0x0000000080c00000, 0x0000000081180000, 0x00000000d5980000)
  object space 5632K, 12% used [0x0000000080c00000,0x0000000080cb2040,0x0000000081180000)
 Metaspace       used 4950K, capacity 6220K, committed 6400K, reserved 1056768K
  class space    used 605K, capacity 648K, committed 768K, reserved 1048576K
}
Event: 0.472 GC heap before
{Heap before GC invocations=5 (full 0):
 PSYoungGen      total 3584K, used 3568K [0x00000000d5980000, 0x00000000d5d80000, 0x0000000100000000)
  eden space 3072K, 100% used [0x00000000d5980000,0x00000000d5c80000,0x00000000d5c80000)
  from space 512K, 96% used [0x00000000d5d00000,0x00000000d5d7c030,0x00000000d5d80000)
  to   space 512K, 0% used [0x00000000d5c80000,0x00000000d5c80000,0x00000000d5d00000)
 ParOldGen       total 5632K, used 712K [0x0000000080c00000, 0x0000000081180000, 0x00000000d5980000)
  object space 5632K, 12% used [0x0000000080c00000,0x0000000080cb2040,0x0000000081180000)
 Metaspace       used 6004K, capacity 7244K, committed 7552K, reserved 1056768K
  class space    used 752K, capacity 776K, committed 896K, reserved 1048576K
Event: 0.473 GC heap after
Heap after GC invocations=5 (full 0):
 PSYoungGen      total 3584K, used 496K [0x00000000d5980000, 0x00000000d6180000, 0x0000000100000000)
  eden space 3072K, 0% used [0x00000000d5980000,0x00000000d5980000,0x00000000d5c80000)
  from space 512K, 96% used [0x00000000d5c80000,0x00000000d5cfc010,0x00000000d5d00000)
  to   space 1024K, 0% used [0x00000000d6080000,0x00000000d6080000,0x00000000d6180000)
 ParOldGen       total 5632K, used 1040K [0x0000000080c00000, 0x0000000081180000, 0x00000000d5980000)
  object space 5632K, 18% used [0x0000000080c00000,0x0000000080d04050,0x0000000081180000)
 Metaspace       used 6004K, capacity 7244K, committed 7552K, reserved 1056768K
  class space    used 752K, capacity 776K, committed 896K, reserved 1048576K
}
Event: 0.709 GC heap before
{Heap before GC invocations=6 (full 0):
 PSYoungGen      total 3584K, used 3568K [0x00000000d5980000, 0x00000000d6180000, 0x0000000100000000)
  eden space 3072K, 100% used [0x00000000d5980000,0x00000000d5c80000,0x00000000d5c80000)
  from space 512K, 96% used [0x00000000d5c80000,0x00000000d5cfc010,0x00000000d5d00000)
  to   space 1024K, 0% used [0x00000000d6080000,0x00000000d6080000,0x00000000d6180000)
 ParOldGen       total 5632K, used 1040K [0x0000000080c00000, 0x0000000081180000, 0x00000000d5980000)
  object space 5632K, 18% used [0x0000000080c00000,0x0000000080d04050,0x0000000081180000)
 Metaspace       used 7077K, capacity 7988K, committed 8064K, reserved 1056768K
  class space    used 871K, capacity 880K, committed 896K, reserved 1048576K
Event: 0.711 GC heap after
Heap after GC invocations=6 (full 0):
 PSYoungGen      total 4096K, used 998K [0x00000000d5980000, 0x00000000d6180000, 0x0000000100000000)
  eden space 3072K, 0% used [0x00000000d5980000,0x00000000d5980000,0x00000000d5c80000)
  from space 1024K, 97% used [0x00000000d6080000,0x00000000d6179aa8,0x00000000d6180000)
  to   space 512K, 0% used [0x00000000d5c80000,0x00000000d5c80000,0x00000000d5d00000)
 ParOldGen       total 5632K, used 1326K [0x0000000080c00000, 0x0000000081180000, 0x00000000d5980000)
  object space 5632K, 23% used [0x0000000080c00000,0x0000000080d4bb38,0x0000000081180000)
 Metaspace       used 7077K, capacity 7988K, committed 8064K, reserved 1056768K
  class space    used 871K, capacity 880K, committed 896K, reserved 1048576K
}

