# JRE version: Java(TM) SE Runtime Environment (8.0_201-b09) (build 1.8.0_201-b09)
# Java VM: Java HotSpot(TM) 64-Bit Server VM (25.201-b09 mixed mode windows-amd64 compressed oops)
Heap:
 PSYoungGen      total 238080K, used 146824K [0x00000000eab00000, 0x00000000fae00000, 0x0000000100000000)
  eden space 211968K, 62% used [0x00000000eab00000,0x00000000f2c362b0,0x00000000f7a00000)
  from space 26112K, 55% used [0x00000000f7a00000,0x00000000f882c010,0x00000000f9380000)
  to   space 25088K, 0% used [0x00000000f9380000,0x00000000f9380000,0x00000000fac00000)
 ParOldGen       total 87552K, used 41051K [0x00000000c0000000, 0x00000000c5580000, 0x00000000eab00000)
  object space 87552K, 46% used [0x00000000c0000000,0x00000000c2816fa0,0x00000000c5580000)
 Metaspace       used 15904K, capacity 16612K, committed 17408K, reserved 1064960K
  class space    used 1914K, capacity 2086K, committed 2304K, reserved 1048576K
GC Heap History (10 events):
Event: 5.333 GC heap before
{Heap before GC invocations=14 (full 1):
 PSYoungGen      total 237056K, used 214852K [0x00000000eab00000, 0x00000000fae00000, 0x0000000100000000)
  eden space 211968K, 100% used [0x00000000eab00000,0x00000000f7a00000,0x00000000f7a00000)
  from space 25088K, 11% used [0x00000000f9380000,0x00000000f9651120,0x00000000fac00000)
  to   space 26112K, 0% used [0x00000000f7a00000,0x00000000f7a00000,0x00000000f9380000)
 ParOldGen       total 87552K, used 41043K [0x00000000c0000000, 0x00000000c5580000, 0x00000000eab00000)
  object space 87552K, 46% used [0x00000000c0000000,0x00000000c2814fa0,0x00000000c5580000)
 Metaspace       used 15831K, capacity 16534K, committed 17152K, reserved 1064960K
  class space    used 1913K, capacity 2085K, committed 2304K, reserved 1048576K
Event: 5.340 GC heap after
Heap after GC invocations=14 (full 1):
 PSYoungGen      total 238080K, used 4800K [0x00000000eab00000, 0x00000000fae00000, 0x0000000100000000)
  eden space 211968K, 0% used [0x00000000eab00000,0x00000000eab00000,0x00000000f7a00000)
  from space 26112K, 18% used [0x00000000f7a00000,0x00000000f7eb0000,0x00000000f9380000)
  to   space 25088K, 0% used [0x00000000f9380000,0x00000000f9380000,0x00000000fac00000)
 ParOldGen       total 87552K, used 41051K [0x00000000c0000000, 0x00000000c5580000, 0x00000000eab00000)
  object space 87552K, 46% used [0x00000000c0000000,0x00000000c2816fa0,0x00000000c5580000)
 Metaspace       used 15831K, capacity 16534K, committed 17152K, reserved 1064960K
  class space    used 1913K, capacity 2085K, committed 2304K, reserved 1048576K
}
Event: 5.687 GC heap before
{Heap before GC invocations=15 (full 1):
 PSYoungGen      total 238080K, used 216768K [0x00000000eab00000, 0x00000000fae00000, 0x0000000100000000)
  eden space 211968K, 100% used [0x00000000eab00000,0x00000000f7a00000,0x00000000f7a00000)
  from space 26112K, 18% used [0x00000000f7a00000,0x00000000f7eb0000,0x00000000f9380000)
  to   space 25088K, 0% used [0x00000000f9380000,0x00000000f9380000,0x00000000fac00000)
 ParOldGen       total 87552K, used 41051K [0x00000000c0000000, 0x00000000c5580000, 0x00000000eab00000)
  object space 87552K, 46% used [0x00000000c0000000,0x00000000c2816fa0,0x00000000c5580000)
 Metaspace       used 15844K, capacity 16598K, committed 17408K, reserved 1064960K
  class space    used 1913K, capacity 2085K, committed 2304K, reserved 1048576K
Event: 5.696 GC heap after
Heap after GC invocations=15 (full 1):
 PSYoungGen      total 237056K, used 6784K [0x00000000eab00000, 0x00000000fae00000, 0x0000000100000000)
  eden space 211968K, 0% used [0x00000000eab00000,0x00000000eab00000,0x00000000f7a00000)
  from space 25088K, 27% used [0x00000000f9380000,0x00000000f9a20000,0x00000000fac00000)
  to   space 26112K, 0% used [0x00000000f7a00000,0x00000000f7a00000,0x00000000f9380000)
 ParOldGen       total 87552K, used 41051K [0x00000000c0000000, 0x00000000c5580000, 0x00000000eab00000)
  object space 87552K, 46% used [0x00000000c0000000,0x00000000c2816fa0,0x00000000c5580000)
 Metaspace       used 15844K, capacity 16598K, committed 17408K, reserved 1064960K
  class space    used 1913K, capacity 2085K, committed 2304K, reserved 1048576K
}
Event: 6.053 GC heap before
{Heap before GC invocations=16 (full 1):
 PSYoungGen      total 237056K, used 218752K [0x00000000eab00000, 0x00000000fae00000, 0x0000000100000000)
  eden space 211968K, 100% used [0x00000000eab00000,0x00000000f7a00000,0x00000000f7a00000)
  from space 25088K, 27% used [0x00000000f9380000,0x00000000f9a20000,0x00000000fac00000)
  to   space 26112K, 0% used [0x00000000f7a00000,0x00000000f7a00000,0x00000000f9380000)
 ParOldGen       total 87552K, used 41051K [0x00000000c0000000, 0x00000000c5580000, 0x00000000eab00000)
  object space 87552K, 46% used [0x00000000c0000000,0x00000000c2816fa0,0x00000000c5580000)
 Metaspace       used 15875K, capacity 16604K, committed 17408K, reserved 1064960K
  class space    used 1914K, capacity 2086K, committed 2304K, reserved 1048576K
Event: 6.065 GC heap after
Heap after GC invocations=16 (full 1):
 PSYoungGen      total 238080K, used 9812K [0x00000000eab00000, 0x00000000fae00000, 0x0000000100000000)
  eden space 211968K, 0% used [0x00000000eab00000,0x00000000eab00000,0x00000000f7a00000)
  from space 26112K, 37% used [0x00000000f7a00000,0x00000000f83950f0,0x00000000f9380000)
  to   space 25088K, 0% used [0x00000000f9380000,0x00000000f9380000,0x00000000fac00000)
 ParOldGen       total 87552K, used 41051K [0x00000000c0000000, 0x00000000c5580000, 0x00000000eab00000)
  object space 87552K, 46% used [0x00000000c0000000,0x00000000c2816fa0,0x00000000c5580000)
 Metaspace       used 15875K, capacity 16604K, committed 17408K, reserved 1064960K
  class space    used 1914K, capacity 2086K, committed 2304K, reserved 1048576K
}
Event: 6.456 GC heap before
{Heap before GC invocations=17 (full 1):
 PSYoungGen      total 238080K, used 221780K [0x00000000eab00000, 0x00000000fae00000, 0x0000000100000000)
  eden space 211968K, 100% used [0x00000000eab00000,0x00000000f7a00000,0x00000000f7a00000)
  from space 26112K, 37% used [0x00000000f7a00000,0x00000000f83950f0,0x00000000f9380000)
  to   space 25088K, 0% used [0x00000000f9380000,0x00000000f9380000,0x00000000fac00000)
 ParOldGen       total 87552K, used 41051K [0x00000000c0000000, 0x00000000c5580000, 0x00000000eab00000)
  object space 87552K, 46% used [0x00000000c0000000,0x00000000c2816fa0,0x00000000c5580000)
 Metaspace       used 15889K, capacity 16608K, committed 17408K, reserved 1064960K
  class space    used 1914K, capacity 2086K, committed 2304K, reserved 1048576K
Event: 6.471 GC heap after
Heap after GC invocations=17 (full 1):
 PSYoungGen      total 237056K, used 12352K [0x00000000eab00000, 0x00000000fae00000, 0x0000000100000000)
  eden space 211968K, 0% used [0x00000000eab00000,0x00000000eab00000,0x00000000f7a00000)
  from space 25088K, 49% used [0x00000000f9380000,0x00000000f9f90000,0x00000000fac00000)
  to   space 26112K, 0% used [0x00000000f7a00000,0x00000000f7a00000,0x00000000f9380000)
 ParOldGen       total 87552K, used 41051K [0x00000000c0000000, 0x00000000c5580000, 0x00000000eab00000)
  object space 87552K, 46% used [0x00000000c0000000,0x00000000c2816fa0,0x00000000c5580000)
 Metaspace       used 15889K, capacity 16608K, committed 17408K, reserved 1064960K
  class space    used 1914K, capacity 2086K, committed 2304K, reserved 1048576K
}
Event: 6.838 GC heap before
{Heap before GC invocations=18 (full 1):
 PSYoungGen      total 237056K, used 224320K [0x00000000eab00000, 0x00000000fae00000, 0x0000000100000000)
  eden space 211968K, 100% used [0x00000000eab00000,0x00000000f7a00000,0x00000000f7a00000)
  from space 25088K, 49% used [0x00000000f9380000,0x00000000f9f90000,0x00000000fac00000)
  to   space 26112K, 0% used [0x00000000f7a00000,0x00000000f7a00000,0x00000000f9380000)
 ParOldGen       total 87552K, used 41051K [0x00000000c0000000, 0x00000000c5580000, 0x00000000eab00000)
  object space 87552K, 46% used [0x00000000c0000000,0x00000000c2816fa0,0x00000000c5580000)
 Metaspace       used 15900K, capacity 16608K, committed 17408K, reserved 1064960K
  class space    used 1914K, capacity 2086K, committed 2304K, reserved 1048576K
Event: 6.854 GC heap after
Heap after GC invocations=18 (full 1):
 PSYoungGen      total 238080K, used 14512K [0x00000000eab00000, 0x00000000fae00000, 0x0000000100000000)
  eden space 211968K, 0% used [0x00000000eab00000,0x00000000eab00000,0x00000000f7a00000)
  from space 26112K, 55% used [0x00000000f7a00000,0x00000000f882c010,0x00000000f9380000)
  to   space 25088K, 0% used [0x00000000f9380000,0x00000000f9380000,0x00000000fac00000)
 ParOldGen       total 87552K, used 41051K [0x00000000c0000000, 0x00000000c5580000, 0x00000000eab00000)
  object space 87552K, 46% used [0x00000000c0000000,0x00000000c2816fa0,0x00000000c5580000)
 Metaspace       used 15900K, capacity 16608K, committed 17408K, reserved 1064960K
  class space    used 1914K, capacity 2086K, committed 2304K, reserved 1048576K
}

