# JRE version: Java(TM) SE Runtime Environment (8.0_201-b09) (build 1.8.0_201-b09)
# Java VM: Java HotSpot(TM) 64-Bit Server VM (25.201-b09 mixed mode windows-amd64 compressed oops)
Heap:
 PSYoungGen      total 290304K, used 44805K [0x00000000eab00000, 0x00000000fe000000, 0x0000000100000000)
  eden space 265216K, 16% used [0x00000000eab00000,0x00000000ed6c16a8,0x00000000fae00000)
  from space 25088K, 0% used [0x00000000fae00000,0x00000000fae00000,0x00000000fc680000)
  to   space 24064K, 0% used [0x00000000fc680000,0x00000000fc680000,0x00000000fde00000)
 ParOldGen       total 87552K, used 41263K [0x00000000c0000000, 0x00000000c5580000, 0x00000000eab00000)
  object space 87552K, 47% used [0x00000000c0000000,0x00000000c284bfa8,0x00000000c5580000)
 Metaspace       used 15869K, capacity 16658K, committed 17408K, reserved 1064960K
  class space    used 1912K, capacity 2085K, committed 2304K, reserved 1048576K
GC Heap History (10 events):
Event: 3.090 GC heap before
{Heap before GC invocations=8 (full 0):
 PSYoungGen      total 155136K, used 153974K [0x00000000eab00000, 0x00000000fde00000, 0x0000000100000000)
  eden space 133120K, 100% used [0x00000000eab00000,0x00000000f2d00000,0x00000000f2d00000)
  from space 22016K, 94% used [0x00000000f2d00000,0x00000000f415d848,0x00000000f4280000)
  to   space 24064K, 0% used [0x00000000fc680000,0x00000000fc680000,0x00000000fde00000)
 ParOldGen       total 87552K, used 47903K [0x00000000c0000000, 0x00000000c5580000, 0x00000000eab00000)
  object space 87552K, 54% used [0x00000000c0000000,0x00000000c2ec7c40,0x00000000c5580000)
 Metaspace       used 15256K, capacity 16232K, committed 16384K, reserved 1062912K
  class space    used 1971K, capacity 2218K, committed 2304K, reserved 1048576K
Event: 3.116 GC heap after
Heap after GC invocations=8 (full 0):
 PSYoungGen      total 289280K, used 19166K [0x00000000eab00000, 0x00000000fe000000, 0x0000000100000000)
  eden space 265216K, 0% used [0x00000000eab00000,0x00000000eab00000,0x00000000fae00000)
  from space 24064K, 79% used [0x00000000fc680000,0x00000000fd937828,0x00000000fde00000)
  to   space 25088K, 0% used [0x00000000fae00000,0x00000000fae00000,0x00000000fc680000)
 ParOldGen       total 87552K, used 49282K [0x00000000c0000000, 0x00000000c5580000, 0x00000000eab00000)
  object space 87552K, 56% used [0x00000000c0000000,0x00000000c3020888,0x00000000c5580000)
 Metaspace       used 15256K, capacity 16232K, committed 16384K, reserved 1062912K
  class space    used 1971K, capacity 2218K, committed 2304K, reserved 1048576K
}
Event: 3.799 GC heap before
{Heap before GC invocations=9 (full 0):
 PSYoungGen      total 289280K, used 284382K [0x00000000eab00000, 0x00000000fe000000, 0x0000000100000000)
  eden space 265216K, 100% used [0x00000000eab00000,0x00000000fae00000,0x00000000fae00000)
  from space 24064K, 79% used [0x00000000fc680000,0x00000000fd937828,0x00000000fde00000)
  to   space 25088K, 0% used [0x00000000fae00000,0x00000000fae00000,0x00000000fc680000)
 ParOldGen       total 87552K, used 49282K [0x00000000c0000000, 0x00000000c5580000, 0x00000000eab00000)
  object space 87552K, 56% used [0x00000000c0000000,0x00000000c3020888,0x00000000c5580000)
 Metaspace       used 15863K, capacity 16852K, committed 17152K, reserved 1064960K
  class space    used 1989K, capacity 2218K, committed 2304K, reserved 1048576K
Event: 3.822 GC heap after
Heap after GC invocations=9 (full 0):
 PSYoungGen      total 290304K, used 9447K [0x00000000eab00000, 0x00000000fe000000, 0x0000000100000000)
  eden space 265216K, 0% used [0x00000000eab00000,0x00000000eab00000,0x00000000fae00000)
  from space 25088K, 37% used [0x00000000fae00000,0x00000000fb739c08,0x00000000fc680000)
  to   space 24064K, 0% used [0x00000000fc680000,0x00000000fc680000,0x00000000fde00000)
 ParOldGen       total 87552K, used 61884K [0x00000000c0000000, 0x00000000c5580000, 0x00000000eab00000)
  object space 87552K, 70% used [0x00000000c0000000,0x00000000c3c6f290,0x00000000c5580000)
 Metaspace       used 15863K, capacity 16852K, committed 17152K, reserved 1064960K
  class space    used 1989K, capacity 2218K, committed 2304K, reserved 1048576K
}
Event: 4.315 GC heap before
{Heap before GC invocations=10 (full 0):
 PSYoungGen      total 290304K, used 274663K [0x00000000eab00000, 0x00000000fe000000, 0x0000000100000000)
  eden space 265216K, 100% used [0x00000000eab00000,0x00000000fae00000,0x00000000fae00000)
  from space 25088K, 37% used [0x00000000fae00000,0x00000000fb739c08,0x00000000fc680000)
  to   space 24064K, 0% used [0x00000000fc680000,0x00000000fc680000,0x00000000fde00000)
 ParOldGen       total 87552K, used 61884K [0x00000000c0000000, 0x00000000c5580000, 0x00000000eab00000)
  object space 87552K, 70% used [0x00000000c0000000,0x00000000c3c6f290,0x00000000c5580000)
 Metaspace       used 16015K, capacity 17016K, committed 17152K, reserved 1064960K
  class space    used 1989K, capacity 2218K, committed 2304K, reserved 1048576K
Event: 4.329 GC heap after
Heap after GC invocations=10 (full 0):
 PSYoungGen      total 289280K, used 6868K [0x00000000eab00000, 0x00000000fe000000, 0x0000000100000000)
  eden space 265216K, 0% used [0x00000000eab00000,0x00000000eab00000,0x00000000fae00000)
  from space 24064K, 28% used [0x00000000fc680000,0x00000000fcd35110,0x00000000fde00000)
  to   space 25088K, 0% used [0x00000000fae00000,0x00000000fae00000,0x00000000fc680000)
 ParOldGen       total 87552K, used 68038K [0x00000000c0000000, 0x00000000c5580000, 0x00000000eab00000)
  object space 87552K, 77% used [0x00000000c0000000,0x00000000c42718e0,0x00000000c5580000)
 Metaspace       used 16015K, capacity 17016K, committed 17152K, reserved 1064960K
  class space    used 1989K, capacity 2218K, committed 2304K, reserved 1048576K
}
Event: 4.783 GC heap before
{Heap before GC invocations=11 (full 0):
 PSYoungGen      total 289280K, used 272084K [0x00000000eab00000, 0x00000000fe000000, 0x0000000100000000)
  eden space 265216K, 100% used [0x00000000eab00000,0x00000000fae00000,0x00000000fae00000)
  from space 24064K, 28% used [0x00000000fc680000,0x00000000fcd35110,0x00000000fde00000)
  to   space 25088K, 0% used [0x00000000fae00000,0x00000000fae00000,0x00000000fc680000)
 ParOldGen       total 87552K, used 68038K [0x00000000c0000000, 0x00000000c5580000, 0x00000000eab00000)
  object space 87552K, 77% used [0x00000000c0000000,0x00000000c42718e0,0x00000000c5580000)
 Metaspace       used 16075K, capacity 17144K, committed 17408K, reserved 1064960K
  class space    used 1989K, capacity 2218K, committed 2304K, reserved 1048576K
Event: 4.796 GC heap after
Heap after GC invocations=11 (full 0):
 PSYoungGen      total 290304K, used 3104K [0x00000000eab00000, 0x00000000fe000000, 0x0000000100000000)
  eden space 265216K, 0% used [0x00000000eab00000,0x00000000eab00000,0x00000000fae00000)
  from space 25088K, 12% used [0x00000000fae00000,0x00000000fb108000,0x00000000fc680000)
  to   space 24064K, 0% used [0x00000000fc680000,0x00000000fc680000,0x00000000fde00000)
 ParOldGen       total 87552K, used 74386K [0x00000000c0000000, 0x00000000c5580000, 0x00000000eab00000)
  object space 87552K, 84% used [0x00000000c0000000,0x00000000c48a48f0,0x00000000c5580000)
 Metaspace       used 16075K, capacity 17144K, committed 17408K, reserved 1064960K
  class space    used 1989K, capacity 2218K, committed 2304K, reserved 1048576K
}
Event: 4.796 GC heap before
{Heap before GC invocations=12 (full 1):
 PSYoungGen      total 290304K, used 3104K [0x00000000eab00000, 0x00000000fe000000, 0x0000000100000000)
  eden space 265216K, 0% used [0x00000000eab00000,0x00000000eab00000,0x00000000fae00000)
  from space 25088K, 12% used [0x00000000fae00000,0x00000000fb108000,0x00000000fc680000)
  to   space 24064K, 0% used [0x00000000fc680000,0x00000000fc680000,0x00000000fde00000)
 ParOldGen       total 87552K, used 74386K [0x00000000c0000000, 0x00000000c5580000, 0x00000000eab00000)
  object space 87552K, 84% used [0x00000000c0000000,0x00000000c48a48f0,0x00000000c5580000)
 Metaspace       used 16075K, capacity 17144K, committed 17408K, reserved 1064960K
  class space    used 1989K, capacity 2218K, committed 2304K, reserved 1048576K
Event: 5.023 GC heap after
Heap after GC invocations=12 (full 1):
 PSYoungGen      total 290304K, used 0K [0x00000000eab00000, 0x00000000fe000000, 0x0000000100000000)
  eden space 265216K, 0% used [0x00000000eab00000,0x00000000eab00000,0x00000000fae00000)
  from space 25088K, 0% used [0x00000000fae00000,0x00000000fae00000,0x00000000fc680000)
  to   space 24064K, 0% used [0x00000000fc680000,0x00000000fc680000,0x00000000fde00000)
 ParOldGen       total 87552K, used 41263K [0x00000000c0000000, 0x00000000c5580000, 0x00000000eab00000)
  object space 87552K, 47% used [0x00000000c0000000,0x00000000c284bfa8,0x00000000c5580000)
 Metaspace       used 15868K, capacity 16658K, committed 17408K, reserved 1064960K
  class space    used 1912K, capacity 2085K, committed 2304K, reserved 1048576K
}

